\BOOKMARK [0][-]{section*.2}{\376\377\000C\000o\000m\000p\000t\000o\000n\000\040\000S\000c\000a\000t\000t\000e\000r\000i\000n\000g\000\040\000E\000x\000p\000e\000r\000i\000m\000e\000n\000t\000\040\000S\000u\000m\000m\000a\000r\000y}{}% 2
\BOOKMARK [1][-]{section*.1}{\376\377\000A\000b\000s\000t\000r\000a\000c\000t}{section*.2}% 1
\BOOKMARK [1][-]{section*.3}{\376\377\000I\000n\000t\000r\000o\000d\000u\000c\000t\000i\000o\000n}{section*.2}% 3
\BOOKMARK [1][-]{section*.4}{\376\377\000T\000h\000e\000o\000r\000y\000:\000\040\000R\000e\000l\000a\000t\000i\000v\000i\000s\000t\000i\000c\000\040\000S\000c\000a\000t\000t\000e\000r\000i\000n\000g\000\040\000o\000f\000\040\000P\000h\000o\000t\000o\000n\000s}{section*.2}% 4
\BOOKMARK [2][-]{section*.5}{\376\377\000R\000e\000l\000a\000t\000i\000v\000i\000s\000t\000i\000c\000\040\000K\000i\000n\000e\000m\000a\000t\000i\000c\000s\000\040\000o\000f\000\040\000S\000c\000a\000t\000t\000e\000r\000i\000n\000g}{section*.4}% 5
\BOOKMARK [2][-]{section*.6}{\376\377\000T\000o\000t\000a\000l\000\040\000C\000r\000o\000s\000s\000\040\000S\000e\000c\000t\000i\000o\000n}{section*.4}% 6
\BOOKMARK [1][-]{section*.7}{\376\377\000E\000x\000p\000e\000r\000i\000m\000e\000n\000t\000a\000l\000\040\000D\000e\000s\000i\000g\000n}{section*.2}% 7
\BOOKMARK [2][-]{section*.8}{\376\377\000A\000p\000p\000a\000r\000a\000t\000u\000s}{section*.7}% 8
\BOOKMARK [2][-]{section*.9}{\376\377\000C\000i\000r\000c\000u\000i\000t\000\040\000D\000e\000s\000i\000g\000n}{section*.7}% 9
\BOOKMARK [2][-]{section*.10}{\376\377\000C\000a\000l\000i\000b\000r\000a\000t\000i\000o\000n}{section*.7}% 10
\BOOKMARK [2][-]{section*.11}{\376\377\000A\000n\000g\000u\000l\000a\000r\000\040\000D\000e\000p\000e\000n\000d\000e\000n\000c\000e\000\040\000o\000f\000\040\000S\000c\000a\000t\000t\000e\000r\000i\000n\000g}{section*.7}% 11
\BOOKMARK [2][-]{section*.12}{\376\377\000T\000o\000t\000a\000l\000\040\000C\000r\000o\000s\000s\000\040\000S\000e\000c\000t\000i\000o\000n}{section*.7}% 12
\BOOKMARK [1][-]{section*.13}{\376\377\000D\000a\000t\000a\000\040\000A\000n\000a\000l\000y\000s\000i\000s}{section*.2}% 13
\BOOKMARK [2][-]{section*.14}{\376\377\000P\000e\000a\000k\000\040\000F\000i\000t\000t\000i\000n\000g}{section*.13}% 14
\BOOKMARK [2][-]{section*.15}{\376\377\000C\000a\000l\000i\000b\000r\000a\000t\000i\000o\000n}{section*.13}% 15
\BOOKMARK [2][-]{section*.16}{\376\377\000A\000n\000g\000u\000l\000a\000r\000\040\000D\000e\000p\000e\000n\000d\000e\000n\000c\000e\000\040\000o\000f\000\040\000S\000c\000a\000t\000t\000e\000r\000i\000n\000g}{section*.13}% 16
\BOOKMARK [2][-]{section*.17}{\376\377\000T\000o\000t\000a\000l\000\040\000C\000r\000o\000s\000s\000\040\000S\000e\000c\000t\000i\000o\000n}{section*.13}% 17
\BOOKMARK [1][-]{section*.18}{\376\377\000R\000e\000s\000u\000l\000t\000s}{section*.2}% 18
\BOOKMARK [2][-]{section*.19}{\376\377\000A\000n\000g\000u\000l\000a\000r\000\040\000D\000e\000p\000e\000n\000d\000e\000n\000c\000e\000\040\000o\000f\000\040\000S\000c\000a\000t\000t\000e\000r\000i\000n\000g}{section*.18}% 19
\BOOKMARK [1][-]{section*.20}{\376\377\000C\000o\000n\000c\000l\000u\000s\000i\000o\000n}{section*.2}% 20
\BOOKMARK [1][-]{section*.21}{\376\377\000A\000c\000k\000n\000o\000w\000l\000e\000d\000g\000m\000e\000n\000t\000s}{section*.2}% 21
